Build started 07/07/2018 00:46:17.
     1>Project "I:\Dev\Qub3d\voxels-sandbox\voxels-sandbox\voxels-sandbox.vcxproj" on node 2 (Build target(s)).
     1>InitializeBuildStatus:
         Creating "I:\Dev\Qub3d\voxels-sandbox\voxels-sandbox\bin\obj\Debug\voxels-sandbox.tlog\unsuccessfulbuild" because "AlwaysCreate" was specified.
       ClCompile:
         C:\Program Files (x86)\Microsoft Visual Studio\2017\Community\VC\Tools\MSVC\14.14.26428\bin\HostX86\x86\CL.exe /c /ZI /nologo /W3 /WX- /diagnostics:classic /sdl /Od /Oy- /D _MBCS /Gm- /EHsc /RTC1 /MDd /GS /fp:precise /permissive- /Zc:wchar_t /Zc:forScope /Zc:inline /Fo"I:\Dev\Qub3d\voxels-sandbox\voxels-sandbox\bin\obj\Debug\\" /Fd"I:\Dev\Qub3d\voxels-sandbox\voxels-sandbox\bin\obj\Debug\vc141.pdb" /Gd /TP /analyze- /FC /errorReport:prompt src\main.cc src\q3camera.cc src\q3renderer.cc src\q3window.cc
         main.cc
     1>i:\dev\qub3d\voxels-sandbox\voxels-sandbox\src\main.cc(28): warning C4244: 'argument': conversion from 'time_t' to 'unsigned int', possible loss of data
     1>i:\dev\qub3d\voxels-sandbox\voxels-sandbox\src\main.cc(43): warning C4244: '=': conversion from 'int' to 'float', possible loss of data
     1>i:\dev\qub3d\voxels-sandbox\voxels-sandbox\src\main.cc(46): warning C4244: '=': conversion from 'int' to 'float', possible loss of data
     1>i:\dev\qub3d\voxels-sandbox\voxels-sandbox\src\main.cc(54): warning C4244: 'initializing': conversion from 'Uint32' to 'float', possible loss of data
     1>i:\dev\qub3d\voxels-sandbox\voxels-sandbox\src\main.cc(56): warning C4244: 'initializing': conversion from 'Uint32' to 'float', possible loss of data
         q3camera.cc
     1>i:\dev\qub3d\voxels-sandbox\voxels-sandbox\src\q3camera.cc(31): warning C4244: 'argument': conversion from 'double' to 'float', possible loss of data
     1>i:\dev\qub3d\voxels-sandbox\voxels-sandbox\src\q3camera.cc(33): warning C4244: 'argument': conversion from 'double' to 'float', possible loss of data
         q3renderer.cc
         q3window.cc
     1>i:\dev\qub3d\voxels-sandbox\voxels-sandbox\src\q3window.cc(25): warning C4244: 'argument': conversion from 'float' to 'Uint32', possible loss of data
         Generating Code...
       Link:
         C:\Program Files (x86)\Microsoft Visual Studio\2017\Community\VC\Tools\MSVC\14.14.26428\bin\HostX86\x86\link.exe /ERRORREPORT:PROMPT /OUT:"I:\Dev\Qub3d\voxels-sandbox\voxels-sandbox\bin\binaries\Debug\voxels-sandbox.exe" /INCREMENTAL /NOLOGO SDL2.lib opengl32.lib glu32.lib kernel32.lib user32.lib gdi32.lib winspool.lib comdlg32.lib advapi32.lib shell32.lib ole32.lib oleaut32.lib uuid.lib odbc32.lib odbccp32.lib /MANIFEST /MANIFESTUAC:"level='asInvoker' uiAccess='false'" /manifest:embed /DEBUG:FASTLINK /PDB:"I:\Dev\Qub3d\voxels-sandbox\voxels-sandbox\bin\binaries\Debug\voxels-sandbox.pdb" /TLBID:1 /DYNAMICBASE /NXCOMPAT /IMPLIB:"I:\Dev\Qub3d\voxels-sandbox\voxels-sandbox\bin\binaries\Debug\voxels-sandbox.lib" /MACHINE:X86 "I:\Dev\Qub3d\voxels-sandbox\voxels-sandbox\bin\obj\Debug\main.obj"
         "I:\Dev\Qub3d\voxels-sandbox\voxels-sandbox\bin\obj\Debug\q3camera.obj"
         "I:\Dev\Qub3d\voxels-sandbox\voxels-sandbox\bin\obj\Debug\q3perlin.obj"
         "I:\Dev\Qub3d\voxels-sandbox\voxels-sandbox\bin\obj\Debug\q3renderer.obj"
         "I:\Dev\Qub3d\voxels-sandbox\voxels-sandbox\bin\obj\Debug\q3window.obj"
         voxels-sandbox.vcxproj -> I:\Dev\Qub3d\voxels-sandbox\voxels-sandbox\bin\binaries\Debug\voxels-sandbox.exe
       FinalizeBuildStatus:
         Deleting file "I:\Dev\Qub3d\voxels-sandbox\voxels-sandbox\bin\obj\Debug\voxels-sandbox.tlog\unsuccessfulbuild".
         Touching "I:\Dev\Qub3d\voxels-sandbox\voxels-sandbox\bin\obj\Debug\voxels-sandbox.tlog\voxels-sandbox.lastbuildstate".
     1>Done Building Project "I:\Dev\Qub3d\voxels-sandbox\voxels-sandbox\voxels-sandbox.vcxproj" (Build target(s)).

Build succeeded.

       "I:\Dev\Qub3d\voxels-sandbox\voxels-sandbox\voxels-sandbox.vcxproj" (Build target) (1) ->
       (ClCompile target) -> 
         i:\dev\qub3d\voxels-sandbox\voxels-sandbox\src\main.cc(28): warning C4244: 'argument': conversion from 'time_t' to 'unsigned int', possible loss of data
         i:\dev\qub3d\voxels-sandbox\voxels-sandbox\src\main.cc(43): warning C4244: '=': conversion from 'int' to 'float', possible loss of data
         i:\dev\qub3d\voxels-sandbox\voxels-sandbox\src\main.cc(46): warning C4244: '=': conversion from 'int' to 'float', possible loss of data
         i:\dev\qub3d\voxels-sandbox\voxels-sandbox\src\main.cc(54): warning C4244: 'initializing': conversion from 'Uint32' to 'float', possible loss of data
         i:\dev\qub3d\voxels-sandbox\voxels-sandbox\src\main.cc(56): warning C4244: 'initializing': conversion from 'Uint32' to 'float', possible loss of data
         i:\dev\qub3d\voxels-sandbox\voxels-sandbox\src\q3camera.cc(31): warning C4244: 'argument': conversion from 'double' to 'float', possible loss of data
         i:\dev\qub3d\voxels-sandbox\voxels-sandbox\src\q3camera.cc(33): warning C4244: 'argument': conversion from 'double' to 'float', possible loss of data
         i:\dev\qub3d\voxels-sandbox\voxels-sandbox\src\q3window.cc(25): warning C4244: 'argument': conversion from 'float' to 'Uint32', possible loss of data

    8 Warning(s)
    0 Error(s)

Time Elapsed 00:00:02.68
